<?xml version="1.0" encoding="utf-8"?><testsuites name="pytest tests"><testsuite name="pytest" errors="0" failures="1" skipped="0" tests="10" time="14.255" timestamp="2026-07-22T08:12:18.296865+00:00" hostname="agent-env-cbe30b1a-3b3e-486f-be4b-3db83089a668"><testcase classname="tests.test_iteration11_ai_mentor" name="test_context_preview" time="0.692" /><testcase classname="tests.test_iteration11_ai_mentor.TestChat" name="test_chat_first_message" time="6.913" /><testcase classname="tests.test_iteration11_ai_mentor" name="test_history" time="0.056" /><testcase classname="tests.test_iteration11_ai_mentor" name="test_conversation_detail" time="0.000"><failure message="assert None&#10; +  where None = TestChat.conversation_id">backend/tests/test_iteration11_ai_mentor.py:111: in test_conversation_detail
    assert TestChat.conversation_id
E   assert None
E    +  where None = TestChat.conversation_id</failure></testcase><testcase classname="tests.test_iteration11_ai_mentor" name="test_new_chat" time="0.095" /><testcase classname="tests.test_iteration11_ai_mentor" name="test_delete_conversation" time="0.137" /><testcase classname="tests.test_iteration11_ai_mentor" name="test_missing_key_returns_400" time="0.520" /><testcase classname="tests.test_iteration11_ai_mentor" name="test_regression_settings_has_gemini_flash_latest" time="0.043" /><testcase classname="tests.test_iteration11_ai_mentor.TestChat" name="test_chat_followup_memory" time="2.217" /><testcase classname="tests.test_iteration11_ai_mentor.TestChat" name="test_chat_kb_injected" time="4.750" /></testsuite></testsuites>