<?xml version="1.0" encoding="utf-8"?><testsuites name="pytest tests"><testsuite name="pytest" errors="0" failures="0" skipped="0" tests="18" time="23.352" timestamp="2026-07-22T07:02:34.193668+00:00" hostname="agent-env-ab1100be-9e67-4856-adf6-b2ffb4df3864"><testcase classname="tests.test_iteration9_500_regression.TestSourceGuard" name="test_ai_service_has_raise_classify_in_except_exception" time="0.000" /><testcase classname="tests.test_iteration9_500_regression.TestSourceGuard" name="test_no_bare_raise_after_except_exception" time="0.000" /><testcase classname="tests.test_iteration9_500_regression.TestUserBugRegression" name="test_retired_model_returns_404_never_500" time="1.082" /><testcase classname="tests.test_iteration9_500_regression.TestHappyPath" name="test_happy_path_generate_full_shape" time="21.049" /><testcase classname="tests.test_iteration9_500_regression.TestHappyPath" name="test_cache_hit_second_call_same_timestamp" time="0.047" /><testcase classname="tests.test_iteration9_500_regression.TestCleanErrorMapping" name="test_invalid_key_401" time="0.167" /><testcase classname="tests.test_iteration9_500_regression.TestCleanErrorMapping" name="test_missing_key_400" time="0.092" /><testcase classname="tests.test_iteration9_500_regression.TestUntouchedEndpointsRegression" name="test_roadmap_tree" time="0.178" /><testcase classname="tests.test_iteration9_500_regression.TestUntouchedEndpointsRegression" name="test_roadmap_summary" time="0.050" /><testcase classname="tests.test_iteration9_500_regression.TestUntouchedEndpointsRegression" name="test_roadmap_progress" time="0.055" /><testcase classname="tests.test_iteration9_500_regression.TestUntouchedEndpointsRegression" name="test_node_detail" time="0.046" /><testcase classname="tests.test_iteration9_500_regression.TestUntouchedEndpointsRegression" name="test_content_get_cached_solid" time="0.045" /><testcase classname="tests.test_iteration9_500_regression.TestUntouchedEndpointsRegression" name="test_status_bookmark_favorite_notes_confidence" time="0.228" /><testcase classname="tests.test_iteration9_500_regression.TestUntouchedEndpointsRegression" name="test_attempt" time="0.048" /><testcase classname="tests.test_iteration9_500_regression.TestUntouchedEndpointsRegression" name="test_missions_today" time="0.043" /><testcase classname="tests.test_iteration9_500_regression.TestUntouchedEndpointsRegression" name="test_settings" time="0.046" /><testcase classname="tests.test_iteration9_500_regression.TestUntouchedEndpointsRegression" name="test_onboarding_get" time="0.048" /><testcase classname="tests.test_iteration9_500_regression.TestUntouchedEndpointsRegression" name="test_auth_me" time="0.046" /></testsuite></testsuites>