<?xml version="1.0" encoding="utf-8"?><testsuites name="pytest tests"><testsuite name="pytest" errors="0" failures="0" skipped="0" tests="10" time="40.711" timestamp="2026-07-22T05:26:18.689217+00:00" hostname="agent-env-ab1100be-9e67-4856-adf6-b2ffb4df3864"><testcase classname="tests.test_iteration8_stabilization.TestClassifyBugFix" name="test_model_not_found_returns_404_not_429" time="1.574" /><testcase classname="tests.test_iteration8_stabilization.TestRegression" name="test_roadmap_tree" time="1.503" /><testcase classname="tests.test_iteration8_stabilization.TestRegression" name="test_summary" time="0.056" /><testcase classname="tests.test_iteration8_stabilization.TestRegression" name="test_progress" time="0.058" /><testcase classname="tests.test_iteration8_stabilization.TestClassifyBugFix" name="test_invalid_key_returns_401_not_429" time="0.163" /><testcase classname="tests.test_iteration8_stabilization.TestRegression" name="test_node_detail" time="0.056" /><testcase classname="tests.test_iteration8_stabilization.TestHappyPathAndCache" name="test_happy_path_generate_full_shape" time="19.560" /><testcase classname="tests.test_iteration8_stabilization.TestClassifyBugFix" name="test_missing_key_returns_400" time="0.096" /><testcase classname="tests.test_iteration8_stabilization.TestHappyPathAndCache" name="test_cache_hit_second_call_same_timestamp" time="0.049" /><testcase classname="tests.test_iteration8_stabilization.TestHappyPathAndCache" name="test_regenerate_updates_timestamp" time="18.995" /></testsuite></testsuites>