<?xml version="1.0" encoding="utf-8"?><testsuites name="pytest tests"><testsuite name="pytest" errors="0" failures="2" skipped="0" tests="15" time="11.855" timestamp="2026-07-21T17:21:31.406982+00:00" hostname="agent-env-ab1100be-9e67-4856-adf6-b2ffb4df3864"><testcase classname="tests.test_iteration3.TestTaskToggle" name="test_toggle_task_both_ways" time="1.215" /><testcase classname="tests.test_iteration3.TestPracticeMore" name="test_practice_more_returns_new_problems" time="1.666" /><testcase classname="tests.test_iteration3.TestTaskToggle" name="test_untoggle_reverts_mission_status" time="0.853" /><testcase classname="tests.test_iteration3.TestPracticeMore" name="test_practice_more_exhaustion_returns_404" time="2.189" /><testcase classname="tests.test_iteration3.TestTaskToggle" name="test_backwards_compat_complete_endpoint" time="1.144" /><testcase classname="tests.test_iteration3.TestPatternsCatalog" name="test_patterns_16_and_80plus" time="0.109" /><testcase classname="tests.test_iteration3.TestFeedbackLow" name="test_low_confidence_creates_weakness" time="1.059" /><testcase classname="tests.test_iteration3.TestCodingArena" name="test_arena_returns_mission_and_assignments" time="2.037" /><testcase classname="tests.test_iteration3.TestAdaptiveRevise" name="test_revise_mode_inserts_prerequisites" time="1.344"><failure message="AssertionError: reason not about weakness: Standard progression from baseline.&#10;assert ('weak' in 'standard progression from baseline.' or 'prerequisite' in 'standard progression from baseline.' or 'hint' in 'standard progression from baseline.')">backend/tests/test_iteration3.py:294: in test_revise_mode_inserts_prerequisites
    assert ("weak" in reason) or ("prerequisite" in reason) or ("hint" in reason), \
E   AssertionError: reason not about weakness: Standard progression from baseline.
E   assert ('weak' in 'standard progression from baseline.' or 'prerequisite' in 'standard progression from baseline.' or 'hint' in 'standard progression from baseline.')</failure></testcase><testcase classname="tests.test_iteration3.TestAdaptiveAdvance" name="test_advance_mode_after_strong_feedback" time="1.987"><failure message="AssertionError: expected advance; got: {'id': '71e7e719-bdcb-4c64-8c8c-fab2ebafb287', 'user_id': '8bbb8ac1-cfa8-43ff-834c-9d5e8e790d9e', 'for_date': '2026-07-21', 'reason': 'Standard progression from baseline.', 'detected_weaknesses': [], 'inserted_prerequisites': [], 'advance': False, 'created_at': '2026-07-21T17:21:39.043675+00:00'}&#10;assert (False is True or 'advance' in 'standard progression from baseline.' or 'strong' in 'standard progression from baseline.')&#10; +  where False = &lt;built-in method get of dict object at 0xf95954a0f440&gt;('advance')&#10; +    where &lt;built-in method get of dict object at 0xf95954a0f440&gt; = {'id': '71e7e719-bdcb-4c64-8c8c-fab2ebafb287', 'user_id': '8bbb8ac1-cfa8-43ff-834c-9d5e8e790d9e', 'for_date': '2026-07-21', 'reason': 'Standard progression from baseline.', ...}.get&#10; +  and   'standard progression from baseline.' = &lt;built-in method lower of str object at 0xf95954a6af10&gt;()&#10; +    where &lt;built-in method lower of str object at 0xf95954a6af10&gt; = 'Standard progression from baseline.'.lower&#10; +  and   'standard progression from baseline.' = &lt;built-in method lower of str object at 0xf95954a6af10&gt;()&#10; +    where &lt;built-in method lower of str object at 0xf95954a6af10&gt; = 'Standard progression from baseline.'.lower">backend/tests/test_iteration3.py:336: in test_advance_mode_after_strong_feedback
    assert adj.get("advance") is True or "advance" in adj["reason"].lower() or "strong" in adj["reason"].lower(), \
E   AssertionError: expected advance; got: {'id': '71e7e719-bdcb-4c64-8c8c-fab2ebafb287', 'user_id': '8bbb8ac1-cfa8-43ff-834c-9d5e8e790d9e', 'for_date': '2026-07-21', 'reason': 'Standard progression from baseline.', 'detected_weaknesses': [], 'inserted_prerequisites': [], 'advance': False, 'created_at': '2026-07-21T17:21:39.043675+00:00'}
E   assert (False is True or 'advance' in 'standard progression from baseline.' or 'strong' in 'standard progression from baseline.')
E    +  where False = &lt;built-in method get of dict object at 0xf95954a0f440&gt;('advance')
E    +    where &lt;built-in method get of dict object at 0xf95954a0f440&gt; = {'id': '71e7e719-bdcb-4c64-8c8c-fab2ebafb287', 'user_id': '8bbb8ac1-cfa8-43ff-834c-9d5e8e790d9e', 'for_date': '2026-07-21', 'reason': 'Standard progression from baseline.', ...}.get
E    +  and   'standard progression from baseline.' = &lt;built-in method lower of str object at 0xf95954a6af10&gt;()
E    +    where &lt;built-in method lower of str object at 0xf95954a6af10&gt; = 'Standard progression from baseline.'.lower
E    +  and   'standard progression from baseline.' = &lt;built-in method lower of str object at 0xf95954a6af10&gt;()
E    +    where &lt;built-in method lower of str object at 0xf95954a6af10&gt; = 'Standard progression from baseline.'.lower</failure></testcase><testcase classname="tests.test_iteration3.TestFeedbackHigh" name="test_high_confidence_feedback" time="0.853" /><testcase classname="tests.test_iteration3.TestDashboardShape" name="test_dashboard_has_new_fields" time="1.410" /><testcase classname="tests.test_iteration3.TestKnowledgeTree" name="test_knowledge_tree_shape" time="2.676" /><testcase classname="tests.test_iteration3.TestActivityLimit" name="test_activity_limited_to_5" time="2.008" /><testcase classname="tests.test_iteration3.TestCompanyReadiness" name="test_readiness_companies" time="1.054" /></testsuite></testsuites>