<?xml version="1.0" encoding="utf-8"?><testsuites name="pytest tests"><testsuite name="pytest" errors="0" failures="0" skipped="0" tests="149" time="16.907" timestamp="2026-07-21T19:38:35.637223+00:00" hostname="agent-env-ab1100be-9e67-4856-adf6-b2ffb4df3864"><testcase classname="tests.test_roadmap_lld_hld_expansion.TestLLDCategorizedCases" name="test_lld_cat_resolves[lld.cat.caching.lru]" time="0.780" /><testcase classname="tests.test_roadmap_lld_hld_expansion.TestHLDCategorizedCases" name="test_hld_cat_topic_resolves[hld.cat.storage.google_drive]" time="0.830" /><testcase classname="tests.test_roadmap_lld_hld_expansion.TestLLDCategorizedCases" name="test_lld_cat_resolves[lld.cat.caching.lfu]" time="0.115" /><testcase classname="tests.test_roadmap_lld_hld_expansion.TestHLDCategorizedCases" name="test_hld_cat_topic_resolves[hld.cat.storage.dropbox]" time="0.106" /><testcase classname="tests.test_roadmap_lld_hld_expansion.TestLLDCategorizedCases" name="test_lld_cat_resolves[lld.cat.caching.ttl]" time="0.076" /><testcase classname="tests.test_roadmap_lld_hld_expansion.TestHLDCategorizedCases" name="test_hld_cat_topic_resolves[hld.cat.storage.s3]" time="0.072" /><testcase classname="tests.test_roadmap_lld_hld_expansion.TestLLDCategorizedCases" name="test_lld_cat_resolves[lld.cat.booking.hotel]" time="0.076" /><testcase classname="tests.test_roadmap_lld_hld_expansion.TestHLDCategorizedCases" name="test_hld_cat_topic_resolves[hld.cat.messaging.slack]" time="0.069" /><testcase classname="tests.test_roadmap_lld_hld_expansion.TestLLDCategorizedCases" name="test_lld_cat_resolves[lld.cat.booking.flight]" time="0.073" /><testcase classname="tests.test_roadmap_lld_hld_expansion.TestHLDCategorizedCases" name="test_hld_cat_topic_resolves[hld.cat.messaging.discord]" time="0.075" /><testcase classname="tests.test_roadmap_lld_hld_expansion.TestLLDCategorizedCases" name="test_lld_cat_resolves[lld.cat.booking.train]" time="0.080" /><testcase classname="tests.test_roadmap_lld_hld_expansion.TestHLDCategorizedCases" name="test_hld_cat_topic_resolves[hld.cat.messaging.teams]" time="0.080" /><testcase classname="tests.test_roadmap_lld_hld_expansion.TestLLDCategorizedCases" name="test_lld_cat_resolves[lld.cat.booking.restaurant]" time="0.113" /><testcase classname="tests.test_roadmap_lld_hld_expansion.TestHLDCategorizedCases" name="test_hld_cat_topic_resolves[hld.cat.messaging.kafka]" time="0.067" /><testcase classname="tests.test_roadmap_lld_hld_expansion.TestHLDCategorizedCases" name="test_hld_cat_topic_resolves[hld.cat.search.elasticsearch]" time="0.077" /><testcase classname="tests.test_roadmap_lld_hld_expansion.TestLLDCategorizedCases" name="test_lld_cat_resolves[lld.cat.commerce.cart]" time="0.076" /><testcase classname="tests.test_roadmap_lld_hld_expansion.TestHLDCategorizedCases" name="test_hld_cat_topic_resolves[hld.cat.search.google_search]" time="0.083" /><testcase classname="tests.test_roadmap_lld_hld_expansion.TestLLDCategorizedCases" name="test_lld_cat_resolves[lld.cat.commerce.inventory]" time="0.077" /><testcase classname="tests.test_roadmap_lld_hld_expansion.TestHLDCategorizedCases" name="test_hld_cat_topic_resolves[hld.cat.search.autocomplete]" time="0.095" /><testcase classname="tests.test_roadmap_lld_hld_expansion.TestLLDCategorizedCases" name="test_lld_cat_resolves[lld.cat.commerce.warehouse]" time="0.074" /><testcase classname="tests.test_roadmap_lld_hld_expansion.TestLLDCategorizedCases" name="test_lld_cat_resolves[lld.cat.commerce.coupon]" time="0.075" /><testcase classname="tests.test_roadmap_lld_hld_expansion.TestHLDCategorizedCases" name="test_hld_cat_topic_resolves[hld.cat.streaming.spotify]" time="0.099" /><testcase classname="tests.test_roadmap_lld_hld_expansion.TestLLDCategorizedCases" name="test_lld_cat_resolves[lld.cat.commerce.gift_card]" time="0.116" /><testcase classname="tests.test_roadmap_lld_hld_expansion.TestHLDCategorizedCases" name="test_hld_cat_topic_resolves[hld.cat.streaming.netflix]" time="0.084" /><testcase classname="tests.test_roadmap_lld_hld_expansion.TestLLDCategorizedCases" name="test_lld_cat_resolves[lld.cat.communication.whatsapp]" time="0.072" /><testcase classname="tests.test_roadmap_lld_hld_expansion.TestHLDCategorizedCases" name="test_hld_cat_topic_resolves[hld.cat.streaming.live]" time="0.112" /><testcase classname="tests.test_roadmap_lld_hld_expansion.TestLLDCategorizedCases" name="test_lld_cat_resolves[lld.cat.communication.chat_server]" time="0.071" /><testcase classname="tests.test_roadmap_lld_hld_expansion.TestHLDCategorizedCases" name="test_hld_cat_topic_resolves[hld.cat.streaming.zoom]" time="0.071" /><testcase classname="tests.test_roadmap_lld_hld_expansion.TestLLDCategorizedCases" name="test_lld_cat_resolves[lld.cat.communication.email_service]" time="0.112" /><testcase classname="tests.test_roadmap_lld_hld_expansion.TestHLDCategorizedCases" name="test_hld_cat_topic_resolves[hld.cat.finance.upi]" time="0.115" /><testcase classname="tests.test_roadmap_lld_hld_expansion.TestLLDCategorizedCases" name="test_lld_cat_resolves[lld.cat.communication.notification_queue]" time="0.115" /><testcase classname="tests.test_roadmap_lld_hld_expansion.TestHLDCategorizedCases" name="test_hld_cat_topic_resolves[hld.cat.finance.wallet]" time="0.114" /><testcase classname="tests.test_roadmap_lld_hld_expansion.TestLLDCategorizedCases" name="test_lld_cat_resolves[lld.cat.scheduling.cron]" time="0.077" /><testcase classname="tests.test_roadmap_lld_hld_expansion.TestHLDCategorizedCases" name="test_hld_cat_topic_resolves[hld.cat.finance.payment_gateway]" time="0.071" /><testcase classname="tests.test_roadmap_lld_hld_expansion.TestLLDCategorizedCases" name="test_lld_cat_resolves[lld.cat.scheduling.task_scheduler]" time="0.112" /><testcase classname="tests.test_roadmap_lld_hld_expansion.TestHLDCategorizedCases" name="test_hld_cat_topic_resolves[hld.cat.finance.ledger]" time="0.080" /><testcase classname="tests.test_roadmap_lld_hld_expansion.TestLLDCategorizedCases" name="test_lld_cat_resolves[lld.cat.scheduling.job_queue]" time="0.077" /><testcase classname="tests.test_roadmap_lld_hld_expansion.TestHLDCategorizedCases" name="test_hld_cat_topic_resolves[hld.cat.infra.api_gateway]" time="0.072" /><testcase classname="tests.test_roadmap_lld_hld_expansion.TestLLDCategorizedCases" name="test_lld_cat_resolves[lld.cat.banking.account]" time="0.074" /><testcase classname="tests.test_roadmap_lld_hld_expansion.TestHLDCategorizedCases" name="test_hld_cat_topic_resolves[hld.cat.infra.cdn]" time="0.114" /><testcase classname="tests.test_roadmap_lld_hld_expansion.TestLLDCategorizedCases" name="test_lld_cat_resolves[lld.cat.banking.wallet]" time="0.071" /><testcase classname="tests.test_roadmap_lld_hld_expansion.TestHLDCategorizedCases" name="test_hld_cat_topic_resolves[hld.cat.infra.distributed_cache]" time="0.081" /><testcase classname="tests.test_roadmap_lld_hld_expansion.TestLLDCategorizedCases" name="test_lld_cat_resolves[lld.cat.banking.upi]" time="0.116" /><testcase classname="tests.test_roadmap_lld_hld_expansion.TestHLDCategorizedCases" name="test_hld_cat_topic_resolves[hld.cat.infra.logging]" time="0.144" /><testcase classname="tests.test_roadmap_lld_hld_expansion.TestLLDCategorizedCases" name="test_lld_cat_resolves[lld.cat.banking.transaction_engine]" time="0.115" /><testcase classname="tests.test_roadmap_lld_hld_expansion.TestHLDCategorizedCases" name="test_hld_cat_topic_resolves[hld.cat.infra.monitoring]" time="0.082" /><testcase classname="tests.test_roadmap_lld_hld_expansion.TestLLDCategorizedCases" name="test_lld_cat_resolves[lld.cat.games.sudoku]" time="0.070" /><testcase classname="tests.test_roadmap_lld_hld_expansion.TestHLDCategorizedCases" name="test_hld_cat_topic_resolves[hld.cat.infra.metrics]" time="0.074" /><testcase classname="tests.test_roadmap_lld_hld_expansion.TestLLDCategorizedCases" name="test_lld_cat_resolves[lld.cat.games.minesweeper]" time="0.070" /><testcase classname="tests.test_roadmap_lld_hld_expansion.TestHLDCategorizedCases" name="test_hld_cat_topic_resolves[hld.cat.social.linkedin]" time="0.102" /><testcase classname="tests.test_roadmap_lld_hld_expansion.TestLLDCategorizedCases" name="test_lld_cat_resolves[lld.cat.games.blackjack]" time="0.130" /><testcase classname="tests.test_roadmap_lld_hld_expansion.TestHLDCategorizedCases" name="test_hld_cat_topic_resolves[hld.cat.social.facebook_feed]" time="0.110" /><testcase classname="tests.test_roadmap_lld_hld_expansion.TestLLDCategorizedCases" name="test_lld_cat_resolves[lld.cat.games.uno]" time="0.075" /><testcase classname="tests.test_roadmap_lld_hld_expansion.TestHLDCategorizedCases" name="test_hld_cat_topic_resolves[hld.cat.social.instagram_stories]" time="0.070" /><testcase classname="tests.test_roadmap_lld_hld_expansion.TestLLDCategorizedCases" name="test_lld_cat_resolves[lld.cat.smart.traffic_signal]" time="0.071" /><testcase classname="tests.test_roadmap_lld_hld_expansion.TestHLDCategorizedCases" name="test_hld_cat_topic_resolves[hld.cat.social.twitter_timeline]" time="0.107" /><testcase classname="tests.test_roadmap_lld_hld_expansion.TestLLDCategorizedCases" name="test_lld_cat_resolves[lld.cat.smart.vending_machine]" time="0.073" /><testcase classname="tests.test_roadmap_lld_hld_expansion.TestLLDCategorizedCases" name="test_lld_cat_resolves[lld.cat.smart.coffee_machine]" time="0.079" /><testcase classname="tests.test_roadmap_lld_hld_expansion.TestHLDCategorizedCases" name="test_hld_cat_topic_resolves[hld.cat.ecommerce.amazon_cart]" time="0.114" /><testcase classname="tests.test_roadmap_lld_hld_expansion.TestLLDCategorizedCases" name="test_lld_cat_resolves[lld.cat.smart.printer]" time="0.080" /><testcase classname="tests.test_roadmap_lld_hld_expansion.TestHLDCategorizedCases" name="test_hld_cat_topic_resolves[hld.cat.ecommerce.inventory]" time="0.067" /><testcase classname="tests.test_roadmap_lld_hld_expansion.TestLLDCategorizedCases" name="test_lld_cat_resolves[lld.cat.smart.library]" time="0.115" /><testcase classname="tests.test_roadmap_lld_hld_expansion.TestHLDCategorizedCases" name="test_hld_cat_topic_resolves[hld.cat.ecommerce.recommendation]" time="0.067" /><testcase classname="tests.test_roadmap_lld_hld_expansion.TestHLDCategorizedCases" name="test_hld_cat_topic_resolves[hld.cat.ecommerce.order_service]" time="0.070" /><testcase classname="tests.test_roadmap_lld_hld_expansion.TestLLDCategorizedCases" name="test_lld_cat_resolves[lld.cat.smart.hospital]" time="0.073" /><testcase classname="tests.test_roadmap_lld_hld_expansion.TestHLDCategorizedCases" name="test_hld_cat_topic_resolves[hld.cat.maps.google_maps_nearby]" time="0.067" /><testcase classname="tests.test_roadmap_lld_hld_expansion.TestLLDCategorizedCases" name="test_lld_cat_resolves[lld.cat.os.memory_allocator]" time="0.078" /><testcase classname="tests.test_roadmap_lld_hld_expansion.TestHLDCategorizedCases" name="test_hld_cat_topic_resolves[hld.cat.maps.uber_dispatch]" time="0.076" /><testcase classname="tests.test_roadmap_lld_hld_expansion.TestLLDCategorizedCases" name="test_lld_cat_resolves[lld.cat.os.thread_pool]" time="0.074" /><testcase classname="tests.test_roadmap_lld_hld_expansion.TestHLDCategorizedCases" name="test_hld_cat_topic_resolves[hld.cat.misc.github]" time="0.069" /><testcase classname="tests.test_roadmap_lld_hld_expansion.TestLLDCategorizedCases" name="test_lld_cat_resolves[lld.cat.os.connection_pool]" time="0.116" /><testcase classname="tests.test_roadmap_lld_hld_expansion.TestHLDCategorizedCases" name="test_hld_cat_topic_resolves[hld.cat.misc.google_docs]" time="0.066" /><testcase classname="tests.test_roadmap_lld_hld_expansion.TestLLDCategorizedCases" name="test_lld_cat_resolves[lld.cat.os.file_system]" time="0.081" /><testcase classname="tests.test_roadmap_lld_hld_expansion.TestHLDCategorizedCases" name="test_hld_cat_topic_resolves[hld.cat.misc.collab_editor]" time="0.065" /><testcase classname="tests.test_roadmap_lld_hld_expansion.TestHLDCategorizedCases" name="test_hld_cat_topic_resolves[hld.cat.misc.web_crawler]" time="0.067" /><testcase classname="tests.test_roadmap_lld_hld_expansion.TestGoFPatterns" name="test_pattern_resolves[lld.patterns.creational.factory]" time="0.153" /><testcase classname="tests.test_roadmap_lld_hld_expansion.TestHLDCategorizedCases" name="test_hld_cat_topic_resolves[hld.cat.misc.online_compiler]" time="0.066" /><testcase classname="tests.test_roadmap_lld_hld_expansion.TestHLDCategorizedCases" name="test_hld_cat_topic_has_10_subtopics[hld.cat.storage.s3]" time="0.764" /><testcase classname="tests.test_roadmap_lld_hld_expansion.TestGoFPatterns" name="test_pattern_resolves[lld.patterns.creational.abstract_factory]" time="0.111" /><testcase classname="tests.test_roadmap_lld_hld_expansion.TestGoFPatterns" name="test_pattern_resolves[lld.patterns.creational.builder]" time="0.072" /><testcase classname="tests.test_roadmap_lld_hld_expansion.TestGoFPatterns" name="test_pattern_resolves[lld.patterns.creational.singleton]" time="0.070" /><testcase classname="tests.test_roadmap_lld_hld_expansion.TestGoFPatterns" name="test_pattern_resolves[lld.patterns.creational.prototype]" time="0.072" /><testcase classname="tests.test_roadmap_lld_hld_expansion.TestGoFPatterns" name="test_pattern_resolves[lld.patterns.structural.adapter]" time="0.071" /><testcase classname="tests.test_roadmap_lld_hld_expansion.TestGoFPatterns" name="test_pattern_resolves[lld.patterns.structural.bridge]" time="0.070" /><testcase classname="tests.test_roadmap_lld_hld_expansion.TestGoFPatterns" name="test_pattern_resolves[lld.patterns.structural.composite]" time="0.068" /><testcase classname="tests.test_roadmap_lld_hld_expansion.TestGoFPatterns" name="test_pattern_resolves[lld.patterns.structural.decorator]" time="0.071" /><testcase classname="tests.test_roadmap_lld_hld_expansion.TestGoFPatterns" name="test_pattern_resolves[lld.patterns.structural.facade]" time="0.073" /><testcase classname="tests.test_roadmap_lld_hld_expansion.TestGoFPatterns" name="test_pattern_resolves[lld.patterns.structural.flyweight]" time="0.073" /><testcase classname="tests.test_roadmap_lld_hld_expansion.TestHLDCategorizedCases" name="test_hld_cat_topic_has_10_subtopics[hld.cat.messaging.kafka]" time="0.821" /><testcase classname="tests.test_roadmap_lld_hld_expansion.TestGoFPatterns" name="test_pattern_resolves[lld.patterns.structural.proxy]" time="0.110" /><testcase classname="tests.test_roadmap_lld_hld_expansion.TestGoFPatterns" name="test_pattern_resolves[lld.patterns.behavioral.chain]" time="0.073" /><testcase classname="tests.test_roadmap_lld_hld_expansion.TestGoFPatterns" name="test_pattern_resolves[lld.patterns.behavioral.command]" time="0.125" /><testcase classname="tests.test_roadmap_lld_hld_expansion.TestGoFPatterns" name="test_pattern_resolves[lld.patterns.behavioral.interpreter]" time="0.071" /><testcase classname="tests.test_roadmap_lld_hld_expansion.TestGoFPatterns" name="test_pattern_resolves[lld.patterns.behavioral.iterator]" time="0.123" /><testcase classname="tests.test_roadmap_lld_hld_expansion.TestGoFPatterns" name="test_pattern_resolves[lld.patterns.behavioral.mediator]" time="0.076" /><testcase classname="tests.test_roadmap_lld_hld_expansion.TestGoFPatterns" name="test_pattern_resolves[lld.patterns.behavioral.memento]" time="0.092" /><testcase classname="tests.test_roadmap_lld_hld_expansion.TestGoFPatterns" name="test_pattern_resolves[lld.patterns.behavioral.observer]" time="0.120" /><testcase classname="tests.test_roadmap_lld_hld_expansion.TestGoFPatterns" name="test_pattern_resolves[lld.patterns.behavioral.state]" time="0.078" /><testcase classname="tests.test_roadmap_lld_hld_expansion.TestHLDCategorizedCases" name="test_hld_cat_topic_has_10_subtopics[hld.cat.search.elasticsearch]" time="0.785" /><testcase classname="tests.test_roadmap_lld_hld_expansion.TestGoFPatterns" name="test_pattern_resolves[lld.patterns.behavioral.strategy]" time="0.119" /><testcase classname="tests.test_roadmap_lld_hld_expansion.TestGoFPatterns" name="test_pattern_resolves[lld.patterns.behavioral.template]" time="0.071" /><testcase classname="tests.test_roadmap_lld_hld_expansion.TestGoFPatterns" name="test_pattern_resolves[lld.patterns.behavioral.visitor]" time="0.073" /><testcase classname="tests.test_roadmap_lld_hld_expansion.TestGoFPatterns" name="test_pattern_has_5_learning_nodes[lld.patterns.creational.singleton]" time="0.391" /><testcase classname="tests.test_roadmap_lld_hld_expansion.TestGoFPatterns" name="test_pattern_has_5_learning_nodes[lld.patterns.creational.factory]" time="0.428" /><testcase classname="tests.test_roadmap_lld_hld_expansion.TestHLDCategorizedCases" name="test_hld_cat_topic_has_10_subtopics[hld.cat.streaming.netflix]" time="0.857" /><testcase classname="tests.test_roadmap_lld_hld_expansion.TestGoFPatterns" name="test_pattern_has_5_learning_nodes[lld.patterns.structural.decorator]" time="0.432" /><testcase classname="tests.test_roadmap_lld_hld_expansion.TestGoFPatterns" name="test_pattern_has_5_learning_nodes[lld.patterns.structural.flyweight]" time="0.440" /><testcase classname="tests.test_roadmap_lld_hld_expansion.TestHLDCategorizedCases" name="test_hld_cat_topic_has_10_subtopics[hld.cat.finance.payment_gateway]" time="0.723" /><testcase classname="tests.test_roadmap_lld_hld_expansion.TestGoFPatterns" name="test_pattern_has_5_learning_nodes[lld.patterns.behavioral.observer]" time="0.417" /><testcase classname="tests.test_roadmap_lld_hld_expansion.TestHLDCategorizedCases" name="test_hld_cat_topic_has_10_subtopics[hld.cat.infra.cdn]" time="0.829" /><testcase classname="tests.test_roadmap_lld_hld_expansion.TestGoFPatterns" name="test_pattern_has_5_learning_nodes[lld.patterns.behavioral.mediator]" time="0.406" /><testcase classname="tests.test_roadmap_lld_hld_expansion.TestGoFPatterns" name="test_pattern_has_5_learning_nodes[lld.patterns.behavioral.memento]" time="0.550" /><testcase classname="tests.test_roadmap_lld_hld_expansion.TestHLDCategorizedCases" name="test_hld_cat_topic_has_10_subtopics[hld.cat.social.linkedin]" time="0.731" /><testcase classname="tests.test_roadmap_lld_hld_expansion.TestGoFPatterns" name="test_pattern_has_5_learning_nodes[lld.patterns.behavioral.interpreter]" time="0.458" /><testcase classname="tests.test_roadmap_lld_hld_expansion.TestLegacyStillWorks" name="test_legacy[dsa.foundations.arrays.kadane]" time="0.074" /><testcase classname="tests.test_roadmap_lld_hld_expansion.TestHLDCategorizedCases" name="test_hld_cat_topic_has_10_subtopics[hld.cat.ecommerce.order_service]" time="0.755" /><testcase classname="tests.test_roadmap_lld_hld_expansion.TestLegacyStillWorks" name="test_legacy[java.collections.hashmap]" time="0.073" /><testcase classname="tests.test_roadmap_lld_hld_expansion.TestLegacyStillWorks" name="test_legacy[lld.principles.solid]" time="0.113" /><testcase classname="tests.test_roadmap_lld_hld_expansion.TestLegacyStillWorks" name="test_legacy[lld.cases.parking_lot]" time="0.076" /><testcase classname="tests.test_roadmap_lld_hld_expansion.TestLegacyStillWorks" name="test_legacy[lld.cases.book_my_show]" time="0.073" /><testcase classname="tests.test_roadmap_lld_hld_expansion.TestLegacyStillWorks" name="test_legacy[lld.patterns.creational.singleton]" time="0.073" /><testcase classname="tests.test_roadmap_lld_hld_expansion.TestLegacyStillWorks" name="test_legacy[lld.patterns.behavioral.observer]" time="0.075" /><testcase classname="tests.test_roadmap_lld_hld_expansion.TestLegacyStillWorks" name="test_legacy[hld.cases.url_shortener]" time="0.084" /><testcase classname="tests.test_roadmap_lld_hld_expansion.TestLegacyStillWorks" name="test_legacy[hld.cases.rate_limiter]" time="0.077" /><testcase classname="tests.test_roadmap_lld_hld_expansion.TestLegacyStillWorks" name="test_legacy[hld.cases.uber]" time="0.112" /><testcase classname="tests.test_roadmap_lld_hld_expansion.TestHLDCategorizedCases" name="test_hld_cat_topic_has_10_subtopics[hld.cat.maps.uber_dispatch]" time="0.698" /><testcase classname="tests.test_roadmap_lld_hld_expansion.TestLegacyStillWorks" name="test_legacy[os.processes.scheduling]" time="0.077" /><testcase classname="tests.test_roadmap_lld_hld_expansion.TestLegacyStillWorks" name="test_legacy[dbms.relational.acid]" time="0.073" /><testcase classname="tests.test_roadmap_lld_hld_expansion.TestLegacyStillWorks" name="test_legacy[cn.foundations.tcp_ip]" time="0.077" /><testcase classname="tests.test_roadmap_lld_hld_expansion.TestRegressions" name="test_missions_today" time="0.074" /><testcase classname="tests.test_roadmap_lld_hld_expansion.TestRegressions" name="test_missions_regenerate" time="0.066" /><testcase classname="tests.test_roadmap_lld_hld_expansion.TestRegressions" name="test_profile" time="0.068" /><testcase classname="tests.test_roadmap_lld_hld_expansion.TestRegressions" name="test_onboarding_get" time="0.100" /><testcase classname="tests.test_roadmap_lld_hld_expansion.TestHLDCategorizedCases" name="test_hld_cat_topic_has_10_subtopics[hld.cat.misc.github]" time="1.191" /><testcase classname="tests.test_roadmap_lld_hld_expansion.TestRegressions" name="test_auth_me" time="0.495" /><testcase classname="tests.test_roadmap_lld_hld_expansion.TestRegressions" name="test_auth_logout_then_login" time="0.401" /><testcase classname="tests.test_roadmap_lld_hld_expansion.TestPrereqLinks" name="test_prereqs_resolve[lld.cat.caching.lru-expected_prereqs0]" time="0.149" /><testcase classname="tests.test_roadmap_lld_hld_expansion.TestPrereqLinks" name="test_prereqs_resolve[lld.cat.os.thread_pool-expected_prereqs1]" time="0.155" /><testcase classname="tests.test_roadmap_lld_hld_expansion.TestPrereqLinks" name="test_prereqs_resolve[hld.cases.rate_limiter-expected_prereqs2]" time="0.261" /><testcase classname="tests.test_roadmap_lld_hld_expansion.TestHLDExistingCases10Subs" name="test_case_has_10_subtopics[hld.cases.url_shortener]" time="0.804" /><testcase classname="tests.test_roadmap_lld_hld_expansion.TestPrereqLinks" name="test_prereqs_resolve[hld.cat.messaging.kafka-expected_prereqs3]" time="0.147" /><testcase classname="tests.test_roadmap_lld_hld_expansion.TestPrereqLinks" name="test_prereqs_resolve[hld.cat.ecommerce.order_service-expected_prereqs4]" time="0.157" /><testcase classname="tests.test_roadmap_lld_hld_expansion.TestRoadmapTree" name="test_tracks_and_module_counts" time="0.261" /><testcase classname="tests.test_roadmap_lld_hld_expansion.TestRoadmapTree" name="test_node_count_1000_plus" time="0.138" /><testcase classname="tests.test_roadmap_lld_hld_expansion.TestHLDExistingCases10Subs" name="test_case_has_10_subtopics[hld.cases.rate_limiter]" time="0.739" /><testcase classname="tests.test_roadmap_lld_hld_expansion.TestHLDExistingCases10Subs" name="test_case_has_10_subtopics[hld.cases.chat]" time="0.695" /><testcase classname="tests.test_roadmap_lld_hld_expansion.TestHLDExistingCases10Subs" name="test_case_has_10_subtopics[hld.cases.uber]" time="0.694" /><testcase classname="tests.test_roadmap_lld_hld_expansion.TestHLDExistingCases10Subs" name="test_case_has_10_subtopics[hld.cases.payment]" time="0.663" /><testcase classname="tests.test_roadmap_lld_hld_expansion.TestHLDExistingCases10Subs" name="test_case_has_10_subtopics[hld.cases.instagram]" time="0.723" /></testsuite></testsuites>