<?xml version="1.0" encoding="utf-8"?><testsuites name="pytest tests"><testsuite name="pytest" errors="0" failures="0" skipped="0" tests="10" time="35.897" timestamp="2026-07-22T09:03:32.230574+00:00" hostname="agent-env-cbe30b1a-3b3e-486f-be4b-3db83089a668"><testcase classname="tests.test_iteration12_phase4" name="test_context_preview_has_recommended_next_step" time="0.502" /><testcase classname="tests.test_iteration12_phase4" name="test_chat_default_style_returns_markdown" time="1.066" /><testcase classname="tests.test_iteration12_phase4" name="test_chat_lesson_style_returns_9_cards" time="19.388" /><testcase classname="tests.test_iteration12_phase4" name="test_lesson_kadane_prereq_next_step" time="14.258" /><testcase classname="tests.test_iteration12_phase4" name="test_roadmap_has_lld_hld_topics" time="0.235" /><testcase classname="tests.test_iteration12_phase4" name="test_dashboard_endpoint" time="0.053" /><testcase classname="tests.test_iteration12_phase4" name="test_roadmap_summary" time="0.054" /><testcase classname="tests.test_iteration12_phase4" name="test_regression_history" time="0.045" /><testcase classname="tests.test_iteration12_phase4" name="test_regression_conversation_detail_and_delete" time="0.136" /><testcase classname="tests.test_iteration12_phase4" name="test_regression_kb_generate_route_exists" time="0.091" /></testsuite></testsuites>