<?xml version="1.0" encoding="utf-8"?><testsuites name="pytest tests"><testsuite name="pytest" errors="0" failures="0" skipped="0" tests="33" time="4.750" timestamp="2026-07-21T20:09:37.851421+00:00" hostname="agent-env-ab1100be-9e67-4856-adf6-b2ffb4df3864"><testcase classname="tests.test_iteration7_progress" name="test_roadmap_tracks_10_and_companies_14" time="0.944" /><testcase classname="tests.test_iteration7_progress" name="test_roadmap_tree_yields_1000_unique_nodes" time="0.433" /><testcase classname="tests.test_iteration7_progress" name="test_new_nodes_resolve[projects.build.url_shortener]" time="0.070" /><testcase classname="tests.test_iteration7_progress" name="test_new_nodes_resolve[projects.build.chat_app]" time="0.068" /><testcase classname="tests.test_iteration7_progress" name="test_new_nodes_resolve[projects.showcase.readme]" time="0.066" /><testcase classname="tests.test_iteration7_progress" name="test_new_nodes_resolve[projects.deploy.ci_cd]" time="0.089" /><testcase classname="tests.test_iteration7_progress" name="test_new_nodes_resolve[behavioral.framework.star]" time="0.063" /><testcase classname="tests.test_iteration7_progress" name="test_new_nodes_resolve[behavioral.stories.leadership]" time="0.130" /><testcase classname="tests.test_iteration7_progress" name="test_new_nodes_resolve[behavioral.stories.conflict]" time="0.063" /><testcase classname="tests.test_iteration7_progress" name="test_new_nodes_resolve[behavioral.values.amazon_lp]" time="0.094" /><testcase classname="tests.test_iteration7_progress" name="test_new_nodes_resolve[behavioral.negotiation.scripts]" time="0.135" /><testcase classname="tests.test_iteration7_progress" name="test_new_nodes_resolve[resume.craft.format]" time="0.065" /><testcase classname="tests.test_iteration7_progress" name="test_new_nodes_resolve[resume.craft.action_verbs]" time="0.062" /><testcase classname="tests.test_iteration7_progress" name="test_new_nodes_resolve[resume.craft.ats]" time="0.066" /><testcase classname="tests.test_iteration7_progress" name="test_new_nodes_resolve[resume.linkedin.headline]" time="0.097" /><testcase classname="tests.test_iteration7_progress" name="test_new_nodes_resolve[resume.cover.letter]" time="0.063" /><testcase classname="tests.test_iteration7_progress" name="test_new_nodes_resolve[resume.cover.cold_outreach]" time="0.122" /><testcase classname="tests.test_iteration7_progress" name="test_summary_fresh_user" time="0.075" /><testcase classname="tests.test_iteration7_progress" name="test_status_completed_stamps_dates" time="0.125" /><testcase classname="tests.test_iteration7_progress" name="test_status_invalid_returns_422" time="0.058" /><testcase classname="tests.test_iteration7_progress" name="test_status_unknown_node_returns_404" time="0.064" /><testcase classname="tests.test_iteration7_progress" name="test_bookmark_toggle" time="0.184" /><testcase classname="tests.test_iteration7_progress" name="test_favorite_toggle_and_summary_count" time="0.134" /><testcase classname="tests.test_iteration7_progress" name="test_attempt_increments" time="0.257" /><testcase classname="tests.test_iteration7_progress" name="test_today_and_rollup_increment" time="0.196" /><testcase classname="tests.test_iteration7_progress" name="test_status_accepts_revision_due" time="0.085" /><testcase classname="tests.test_iteration7_progress" name="test_legacy_ids_still_work[dsa.foundations.arrays.kadane]" time="0.063" /><testcase classname="tests.test_iteration7_progress" name="test_legacy_ids_still_work[java.collections.hashmap]" time="0.061" /><testcase classname="tests.test_iteration7_progress" name="test_legacy_ids_still_work[lld.cases.parking_lot]" time="0.070" /><testcase classname="tests.test_iteration7_progress" name="test_legacy_ids_still_work[hld.cases.url_shortener]" time="0.062" /><testcase classname="tests.test_iteration7_progress" name="test_roadmap_progress_has_new_tracks" time="0.079" /><testcase classname="tests.test_iteration7_progress" name="test_missions_today_ok" time="0.069" /><testcase classname="tests.test_iteration7_progress" name="test_profile_and_me_ok" time="0.180" /></testsuite></testsuites>