<?xml version="1.0" encoding="utf-8"?><testsuites name="pytest tests"><testsuite name="pytest" errors="0" failures="1" skipped="0" tests="22" time="61.413" timestamp="2026-07-21T20:38:07.514020+00:00" hostname="agent-env-ab1100be-9e67-4856-adf6-b2ffb4df3864"><testcase classname="tests.test_iteration8_ai_kb.TestReadOnlyCache" name="test_fresh_node_read_no_gemini" time="0.773" /><testcase classname="tests.test_iteration8_ai_kb.TestReadOnlyCache" name="test_unknown_node_404" time="0.052" /><testcase classname="tests.test_iteration8_ai_kb.TestMissingKey" name="test_generate_without_key_returns_400" time="0.105" /><testcase classname="tests.test_iteration8_ai_kb.TestHappyPath" name="test_generate_cap" time="20.980" /><testcase classname="tests.test_iteration8_ai_kb.TestHappyPath" name="test_cache_hit_no_regeneration" time="0.067" /><testcase classname="tests.test_iteration8_ai_kb.TestHappyPath" name="test_get_returns_cached" time="0.048" /><testcase classname="tests.test_iteration8_ai_kb.TestHappyPath" name="test_regenerate_updates_timestamp" time="17.969" /><testcase classname="tests.test_iteration8_ai_kb.TestHappyPath" name="test_related_prereq_ids_resolve" time="0.062" /><testcase classname="tests.test_iteration8_ai_kb.TestHappyPath" name="test_second_node_kadane" time="20.239" /><testcase classname="tests.test_iteration8_ai_kb.TestRegression" name="test_roadmap_tree" time="0.230" /><testcase classname="tests.test_iteration8_ai_kb.TestRegression" name="test_summary" time="0.054" /><testcase classname="tests.test_iteration8_ai_kb.TestRegression" name="test_progress" time="0.057" /><testcase classname="tests.test_iteration8_ai_kb.TestRegression" name="test_node_detail" time="0.052" /><testcase classname="tests.test_iteration8_ai_kb.TestRegression" name="test_bookmark" time="0.095" /><testcase classname="tests.test_iteration8_ai_kb.TestRegression" name="test_favorite" time="0.055" /><testcase classname="tests.test_iteration8_ai_kb.TestRegression" name="test_attempt" time="0.048" /><testcase classname="tests.test_iteration8_ai_kb.TestRegression" name="test_confidence" time="0.049" /><testcase classname="tests.test_iteration8_ai_kb.TestRegression" name="test_status" time="0.083" /><testcase classname="tests.test_iteration8_ai_kb.TestRegression" name="test_notes" time="0.048" /><testcase classname="tests.test_iteration8_ai_kb.TestRegression" name="test_missions_today" time="0.053"><failure message="assert 409 == 200&#10; +  where 409 = &lt;Response [409]&gt;.status_code">tests/test_iteration8_ai_kb.py:216: in test_missions_today
    assert r.status_code == 200
E   assert 409 == 200
E    +  where 409 = &lt;Response [409]&gt;.status_code</failure></testcase><testcase classname="tests.test_iteration8_ai_kb.TestRegression" name="test_auth_me" time="0.088" /><testcase classname="tests.test_iteration8_ai_kb.TestRegression" name="test_settings" time="0.103" /></testsuite></testsuites>