<?xml version="1.0" encoding="utf-8"?><testsuites name="pytest tests"><testsuite name="pytest" errors="0" failures="0" skipped="0" tests="110" time="7.480" timestamp="2026-07-21T19:05:19.204868+00:00" hostname="agent-env-ab1100be-9e67-4856-adf6-b2ffb4df3864"><testcase classname="tests.test_roadmap_expansion.TestNewIds" name="test_new_node_resolves[dsa.foundations.strings.anagram]" time="0.712" /><testcase classname="tests.test_roadmap_expansion.TestNewIds" name="test_new_node_resolves[dsa.foundations.bit_math.xor_tricks]" time="0.055" /><testcase classname="tests.test_roadmap_expansion.TestLegacyIds" name="test_legacy_node_resolves[dsa.foundations.arrays.kadane]" time="0.823" /><testcase classname="tests.test_roadmap_expansion.TestNewIds" name="test_new_node_resolves[dsa.trees.tries.implement]" time="0.098" /><testcase classname="tests.test_roadmap_expansion.TestLegacyIds" name="test_legacy_node_resolves[dsa.foundations.arrays.prefix_sum]" time="0.081" /><testcase classname="tests.test_roadmap_expansion.TestNewIds" name="test_new_node_resolves[dsa.advanced.union_find.core]" time="0.098" /><testcase classname="tests.test_roadmap_expansion.TestLegacyIds" name="test_legacy_node_resolves[dsa.foundations.hashing.frequency]" time="0.078" /><testcase classname="tests.test_roadmap_expansion.TestNewIds" name="test_new_node_resolves[dsa.dp.lis.core]" time="0.056" /><testcase classname="tests.test_roadmap_expansion.TestLegacyIds" name="test_legacy_node_resolves[dsa.foundations.hashing.two_sum]" time="0.132" /><testcase classname="tests.test_roadmap_expansion.TestNewIds" name="test_new_node_resolves[dsa.greedy.intervals]" time="0.055" /><testcase classname="tests.test_roadmap_expansion.TestNewIds" name="test_new_node_resolves[java.collections.concurrent_map]" time="0.092" /><testcase classname="tests.test_roadmap_expansion.TestLegacyIds" name="test_legacy_node_resolves[dsa.foundations.two_pointers.palindrome]" time="0.074" /><testcase classname="tests.test_roadmap_expansion.TestNewIds" name="test_new_node_resolves[java.concurrency.completable]" time="0.050" /><testcase classname="tests.test_roadmap_expansion.TestLegacyIds" name="test_legacy_node_resolves[dsa.foundations.two_pointers.k_sum]" time="0.077" /><testcase classname="tests.test_roadmap_expansion.TestNewIds" name="test_new_node_resolves[java.jvm.classloader]" time="0.056" /><testcase classname="tests.test_roadmap_expansion.TestLegacyIds" name="test_legacy_node_resolves[dsa.windows.sliding_window.fixed.max_avg]" time="0.074" /><testcase classname="tests.test_roadmap_expansion.TestNewIds" name="test_new_node_resolves[lld.patterns.structural.decorator]" time="0.181" /><testcase classname="tests.test_roadmap_expansion.TestLegacyIds" name="test_legacy_node_resolves[dsa.windows.sliding_window.variable.longest_unique]" time="0.071" /><testcase classname="tests.test_roadmap_expansion.TestLegacyIds" name="test_legacy_node_resolves[dsa.windows.sliding_window.variable.min_window]" time="0.075" /><testcase classname="tests.test_roadmap_expansion.TestNewIds" name="test_new_node_resolves[lld.cases.book_my_show]" time="0.091" /><testcase classname="tests.test_roadmap_expansion.TestLegacyIds" name="test_legacy_node_resolves[dsa.windows.sliding_window.variable.anagrams]" time="0.074" /><testcase classname="tests.test_roadmap_expansion.TestNewIds" name="test_new_node_resolves[hld.db.sharding]" time="0.054" /><testcase classname="tests.test_roadmap_expansion.TestLegacyIds" name="test_legacy_node_resolves[dsa.search.binary_search.basic]" time="0.071" /><testcase classname="tests.test_roadmap_expansion.TestNewIds" name="test_new_node_resolves[hld.cases.uber]" time="0.050" /><testcase classname="tests.test_roadmap_expansion.TestLegacyIds" name="test_legacy_node_resolves[dsa.search.binary_search.rotated]" time="0.075" /><testcase classname="tests.test_roadmap_expansion.TestNewIds" name="test_new_node_resolves[hld.cases.payment]" time="0.061" /><testcase classname="tests.test_roadmap_expansion.TestLegacyIds" name="test_legacy_node_resolves[dsa.search.binary_search.on_answer]" time="0.080" /><testcase classname="tests.test_roadmap_expansion.TestNewIds" name="test_new_node_resolves[os.processes.ipc]" time="0.054" /><testcase classname="tests.test_roadmap_expansion.TestNewIds" name="test_new_node_resolves[dbms.nosql.kv]" time="0.056" /><testcase classname="tests.test_roadmap_expansion.TestLegacyIds" name="test_legacy_node_resolves[dsa.linear.stack.parens]" time="0.072" /><testcase classname="tests.test_roadmap_expansion.TestNewIds" name="test_new_node_resolves[cn.foundations.http2_http3]" time="0.059" /><testcase classname="tests.test_roadmap_expansion.TestLegacyIds" name="test_legacy_node_resolves[dsa.linear.stack.monotonic]" time="0.078" /><testcase classname="tests.test_roadmap_expansion.TestNewIds" name="test_new_node_resolves[cn.advanced.tls_ssl]" time="0.072" /><testcase classname="tests.test_roadmap_expansion.TestLegacyIds" name="test_legacy_node_resolves[dsa.linear.linked_list.reverse]" time="0.073" /><testcase classname="tests.test_roadmap_expansion.TestRegressions" name="test_missions_today" time="0.057" /><testcase classname="tests.test_roadmap_expansion.TestLegacyIds" name="test_legacy_node_resolves[dsa.linear.linked_list.fast_slow]" time="0.071" /><testcase classname="tests.test_roadmap_expansion.TestRegressions" name="test_missions_regenerate" time="0.052" /><testcase classname="tests.test_roadmap_expansion.TestRegressions" name="test_problems_list" time="0.104" /><testcase classname="tests.test_roadmap_expansion.TestLegacyIds" name="test_legacy_node_resolves[dsa.linear.linked_list.lru]" time="0.075" /><testcase classname="tests.test_roadmap_expansion.TestLegacyIds" name="test_legacy_node_resolves[dsa.trees.traversal.level_order]" time="0.081" /><testcase classname="tests.test_roadmap_expansion.TestRegressions" name="test_problem_feedback_lc53" time="0.093" /><testcase classname="tests.test_roadmap_expansion.TestLegacyIds" name="test_legacy_node_resolves[dsa.trees.traversal.depth]" time="0.070" /><testcase classname="tests.test_roadmap_expansion.TestRegressions" name="test_profile" time="0.053" /><testcase classname="tests.test_roadmap_expansion.TestLegacyIds" name="test_legacy_node_resolves[dsa.trees.bst.validate]" time="0.083" /><testcase classname="tests.test_roadmap_expansion.TestRegressions" name="test_onboarding_get" time="0.061" /><testcase classname="tests.test_roadmap_expansion.TestLegacyIds" name="test_legacy_node_resolves[dsa.trees.bst.kth_smallest]" time="0.069" /><testcase classname="tests.test_roadmap_expansion.TestLegacyIds" name="test_legacy_node_resolves[dsa.trees.graphs.islands]" time="0.280" /><testcase classname="tests.test_roadmap_expansion.TestLegacyIds" name="test_legacy_node_resolves[dsa.trees.graphs.topo]" time="0.068" /><testcase classname="tests.test_roadmap_expansion.TestRegressions" name="test_auth_me" time="0.491" /><testcase classname="tests.test_roadmap_expansion.TestLegacyIds" name="test_legacy_node_resolves[dsa.trees.graphs.shortest_path]" time="0.073" /><testcase classname="tests.test_roadmap_expansion.TestPrereqDAG" name="test_prereqs_resolve[dsa.windows.sliding_window]" time="0.176" /><testcase classname="tests.test_roadmap_expansion.TestLegacyIds" name="test_legacy_node_resolves[dsa.heaps.kth]" time="0.077" /><testcase classname="tests.test_roadmap_expansion.TestLegacyIds" name="test_legacy_node_resolves[dsa.heaps.k_closest]" time="0.073" /><testcase classname="tests.test_roadmap_expansion.TestLegacyIds" name="test_legacy_node_resolves[dsa.heaps.two_heaps]" time="0.112" /><testcase classname="tests.test_roadmap_expansion.TestPrereqDAG" name="test_prereqs_resolve[hld.messaging.kafka]" time="0.222" /><testcase classname="tests.test_roadmap_expansion.TestLegacyIds" name="test_legacy_node_resolves[dsa.heaps.task_scheduler]" time="0.082" /><testcase classname="tests.test_roadmap_expansion.TestLegacyIds" name="test_legacy_node_resolves[dsa.dp.1d.climbing]" time="0.113" /><testcase classname="tests.test_roadmap_expansion.TestPrereqDAG" name="test_prereqs_resolve[dsa.trees.graphs.mst]" time="0.116" /><testcase classname="tests.test_roadmap_expansion.TestLegacyIds" name="test_legacy_node_resolves[dsa.dp.1d.house_robber]" time="0.072" /><testcase classname="tests.test_roadmap_expansion.TestRoadmapTree" name="test_get_full_roadmap" time="0.095" /><testcase classname="tests.test_roadmap_expansion.TestLegacyIds" name="test_legacy_node_resolves[dsa.dp.unbounded.coin_change]" time="0.076" /><testcase classname="tests.test_roadmap_expansion.TestRoadmapTree" name="test_tree_nested_and_node_count" time="0.080" /><testcase classname="tests.test_roadmap_expansion.TestLegacyIds" name="test_legacy_node_resolves[dsa.dp.2d.lcs]" time="0.081" /><testcase classname="tests.test_roadmap_expansion.TestLegacyIds" name="test_legacy_node_resolves[dsa.dp.2d.edit_distance]" time="0.070" /><testcase classname="tests.test_roadmap_expansion.TestLegacyIds" name="test_legacy_node_resolves[dsa.backtracking.subsets]" time="0.075" /><testcase classname="tests.test_roadmap_expansion.TestLegacyIds" name="test_legacy_node_resolves[dsa.backtracking.word_search]" time="0.078" /><testcase classname="tests.test_roadmap_expansion.TestLegacyIds" name="test_legacy_node_resolves[java.collections.hashmap]" time="0.075" /><testcase classname="tests.test_roadmap_expansion.TestLegacyIds" name="test_legacy_node_resolves[java.collections.core]" time="0.080" /><testcase classname="tests.test_roadmap_expansion.TestLegacyIds" name="test_legacy_node_resolves[java.collections.comparator]" time="0.079" /><testcase classname="tests.test_roadmap_expansion.TestLegacyIds" name="test_legacy_node_resolves[java.concurrency.threads]" time="0.072" /><testcase classname="tests.test_roadmap_expansion.TestLegacyIds" name="test_legacy_node_resolves[java.concurrency.executor]" time="0.074" /><testcase classname="tests.test_roadmap_expansion.TestLegacyIds" name="test_legacy_node_resolves[java.concurrency.sync]" time="0.079" /><testcase classname="tests.test_roadmap_expansion.TestLegacyIds" name="test_legacy_node_resolves[java.streams.core]" time="0.093" /><testcase classname="tests.test_roadmap_expansion.TestLegacyIds" name="test_legacy_node_resolves[java.lambdas.core]" time="0.070" /><testcase classname="tests.test_roadmap_expansion.TestLegacyIds" name="test_legacy_node_resolves[java.jvm.memory]" time="0.079" /><testcase classname="tests.test_roadmap_expansion.TestLegacyIds" name="test_legacy_node_resolves[java.jvm.gc]" time="0.102" /><testcase classname="tests.test_roadmap_expansion.TestLegacyIds" name="test_legacy_node_resolves[java.oop.equals_hashcode]" time="0.070" /><testcase classname="tests.test_roadmap_expansion.TestLegacyIds" name="test_legacy_node_resolves[java.oop.inheritance]" time="0.078" /><testcase classname="tests.test_roadmap_expansion.TestLegacyIds" name="test_legacy_node_resolves[lld.principles.solid]" time="0.082" /><testcase classname="tests.test_roadmap_expansion.TestLegacyIds" name="test_legacy_node_resolves[lld.principles.dry_kiss]" time="0.072" /><testcase classname="tests.test_roadmap_expansion.TestLegacyIds" name="test_legacy_node_resolves[lld.cases.parking_lot]" time="0.073" /><testcase classname="tests.test_roadmap_expansion.TestLegacyIds" name="test_legacy_node_resolves[lld.cases.chess]" time="0.070" /><testcase classname="tests.test_roadmap_expansion.TestLegacyIds" name="test_legacy_node_resolves[lld.cases.splitwise]" time="0.076" /><testcase classname="tests.test_roadmap_expansion.TestLegacyIds" name="test_legacy_node_resolves[hld.foundations.cap]" time="0.073" /><testcase classname="tests.test_roadmap_expansion.TestLegacyIds" name="test_legacy_node_resolves[hld.foundations.consistency]" time="0.078" /><testcase classname="tests.test_roadmap_expansion.TestLegacyIds" name="test_legacy_node_resolves[hld.foundations.load_balancing]" time="0.079" /><testcase classname="tests.test_roadmap_expansion.TestLegacyIds" name="test_legacy_node_resolves[hld.caching.strategies]" time="0.068" /><testcase classname="tests.test_roadmap_expansion.TestLegacyIds" name="test_legacy_node_resolves[hld.caching.redis]" time="0.078" /><testcase classname="tests.test_roadmap_expansion.TestLegacyIds" name="test_legacy_node_resolves[hld.messaging.queues]" time="0.077" /><testcase classname="tests.test_roadmap_expansion.TestLegacyIds" name="test_legacy_node_resolves[hld.messaging.kafka]" time="0.075" /><testcase classname="tests.test_roadmap_expansion.TestLegacyIds" name="test_legacy_node_resolves[hld.distributed.systems]" time="0.071" /><testcase classname="tests.test_roadmap_expansion.TestLegacyIds" name="test_legacy_node_resolves[hld.distributed.consensus]" time="0.068" /><testcase classname="tests.test_roadmap_expansion.TestLegacyIds" name="test_legacy_node_resolves[hld.cases.url_shortener]" time="0.073" /><testcase classname="tests.test_roadmap_expansion.TestLegacyIds" name="test_legacy_node_resolves[hld.cases.rate_limiter]" time="0.077" /><testcase classname="tests.test_roadmap_expansion.TestLegacyIds" name="test_legacy_node_resolves[hld.cases.news_feed]" time="0.073" /><testcase classname="tests.test_roadmap_expansion.TestLegacyIds" name="test_legacy_node_resolves[os.processes.scheduling]" time="0.071" /><testcase classname="tests.test_roadmap_expansion.TestLegacyIds" name="test_legacy_node_resolves[os.processes.sync]" time="0.069" /><testcase classname="tests.test_roadmap_expansion.TestLegacyIds" name="test_legacy_node_resolves[os.processes.deadlocks]" time="0.069" /><testcase classname="tests.test_roadmap_expansion.TestLegacyIds" name="test_legacy_node_resolves[os.memory.paging]" time="0.070" /><testcase classname="tests.test_roadmap_expansion.TestLegacyIds" name="test_legacy_node_resolves[os.memory.virtual]" time="0.068" /><testcase classname="tests.test_roadmap_expansion.TestLegacyIds" name="test_legacy_node_resolves[dbms.relational.acid]" time="0.079" /><testcase classname="tests.test_roadmap_expansion.TestLegacyIds" name="test_legacy_node_resolves[dbms.relational.indexing]" time="0.076" /><testcase classname="tests.test_roadmap_expansion.TestLegacyIds" name="test_legacy_node_resolves[dbms.relational.normalization]" time="0.071" /><testcase classname="tests.test_roadmap_expansion.TestLegacyIds" name="test_legacy_node_resolves[dbms.concurrency.isolation]" time="0.078" /><testcase classname="tests.test_roadmap_expansion.TestLegacyIds" name="test_legacy_node_resolves[dbms.concurrency.control]" time="0.069" /><testcase classname="tests.test_roadmap_expansion.TestLegacyIds" name="test_legacy_node_resolves[cn.foundations.tcp_ip]" time="0.074" /><testcase classname="tests.test_roadmap_expansion.TestLegacyIds" name="test_legacy_node_resolves[cn.foundations.http_https]" time="0.074" /><testcase classname="tests.test_roadmap_expansion.TestLegacyIds" name="test_legacy_node_resolves[cn.foundations.dns]" time="0.073" /><testcase classname="tests.test_roadmap_expansion.TestLegacyIds" name="test_legacy_node_resolves[cn.advanced.load_balancing]" time="0.070" /><testcase classname="tests.test_roadmap_expansion.TestLegacyIds" name="test_legacy_node_resolves[cn.advanced.cdn]" time="0.070" /></testsuite></testsuites>