<?xml version="1.0" encoding="utf-8"?><testsuites name="pytest tests"><testsuite name="pytest" errors="0" failures="0" skipped="0" tests="15" time="6.681" timestamp="2026-07-21T16:45:07.139122+00:00" hostname="agent-env-ab1100be-9e67-4856-adf6-b2ffb4df3864"><testcase classname="tests.test_missions.TestMissionComplete" name="test_complete_mission_streak_and_activity" time="0.980" /><testcase classname="tests.test_missions.TestTodayMission" name="test_today_mission_generated" time="0.823" /><testcase classname="tests.test_missions.TestTodayMission" name="test_today_mission_deterministic" time="0.120" /><testcase classname="tests.test_missions.TestDashboard" name="test_dashboard_shape_and_daily_login" time="0.864" /><testcase classname="tests.test_missions.TestMissionComplete" name="test_complete_idempotent_same_day" time="0.962" /><testcase classname="tests.test_missions.TestDashboard" name="test_dashboard_no_duplicate_daily_login" time="0.840" /><testcase classname="tests.test_missions.TestReadiness" name="test_readiness_baseline_weighted" time="0.624" /><testcase classname="tests.test_missions.TestReadiness" name="test_readiness_changes_after_completion" time="1.012" /><testcase classname="tests.test_missions.TestTaskCompletion" name="test_complete_task_updates_progress_and_creates_revision" time="0.835" /><testcase classname="tests.test_missions.TestMissionSkip" name="test_skip_mission" time="0.877" /><testcase classname="tests.test_missions.TestRevisions" name="test_queue_has_is_due" time="0.788" /><testcase classname="tests.test_missions.TestHistory" name="test_history_desc" time="0.880" /><testcase classname="tests.test_missions.TestActivity" name="test_activity_sorted_desc" time="0.848" /><testcase classname="tests.test_missions.TestSpacedRepetition" name="test_revise_task_advances_stage" time="0.867" /><testcase classname="tests.test_missions.TestOnboardingPatch" name="test_patch_hours_regenerates_mission" time="1.049" /></testsuite></testsuites>