<?xml version="1.0" encoding="utf-8"?><testsuites name="pytest tests"><testsuite name="pytest" errors="0" failures="0" skipped="0" tests="15" time="3.348" timestamp="2026-07-21T15:57:49.874432+00:00" hostname="agent-env-ab1100be-9e67-4856-adf6-b2ffb4df3864"><testcase classname="tests.backend_test.TestHealth" name="test_root" time="0.260" /><testcase classname="tests.backend_test.TestAuth" name="test_register_new" time="0.548" /><testcase classname="tests.backend_test.TestHealth" name="test_health" time="0.239" /><testcase classname="tests.backend_test.TestAuth" name="test_register_duplicate" time="0.693" /><testcase classname="tests.backend_test.TestProfile" name="test_get_profile" time="0.694" /><testcase classname="tests.backend_test.TestProfile" name="test_patch_profile" time="0.402" /><testcase classname="tests.backend_test.TestSettings" name="test_get_default_settings" time="0.066" /><testcase classname="tests.backend_test.TestAuth" name="test_login_admin" time="0.449" /><testcase classname="tests.backend_test.TestSettings" name="test_patch_settings" time="0.398" /><testcase classname="tests.backend_test.TestAuth" name="test_login_wrong_password" time="0.370" /><testcase classname="tests.backend_test.TestAuth" name="test_me_without_cookies" time="0.178" /><testcase classname="tests.backend_test.TestOnboarding" name="test_submit_and_get" time="0.295" /><testcase classname="tests.backend_test.TestAuth" name="test_refresh" time="0.048" /><testcase classname="tests.backend_test.TestAuth" name="test_forgot_password_always_200" time="0.249" /><testcase classname="tests.backend_test.TestAuth" name="test_logout" time="0.441" /></testsuite></testsuites>